#
# There is insufficient memory for the Java Runtime Environment to continue.
# Native memory allocation (malloc) failed to allocate 132688 bytes for Chunk::new
# Possible reasons:
#   The system is out of physical RAM or swap space
#   In 32 bit mode, the process size limit was hit
# Possible solutions:
#   Reduce memory load on the system
#   Increase physical memory or swap space
#   Check if swap backing store is full
#   Use 64 bit Java on a 64 bit OS
#   Decrease Java heap size (-Xmx/-Xms)
#   Decrease number of Java threads
#   Decrease Java thread stack sizes (-Xss)
#   Set larger code cache with -XX:ReservedCodeCacheSize=
# This output file may be truncated or incomplete.
#
#  Out of Memory Error (allocation.cpp:323), pid=6232, tid=7188
#
# JRE version: Java(TM) SE Runtime Environment (7.0_79-b15) (build 1.7.0_79-b15)
# Java VM: Java HotSpot(TM) 64-Bit Server VM (24.79-b02 mixed mode windows-amd64 compressed oops)
# Failed to write core dump. Minidumps are not enabled by default on client versions of Windows
#

---------------  T H R E A D  ---------------

Current thread (0x0000000008612000):  JavaThread "C2 CompilerThread1" daemon [_thread_in_native, id=7188, stack(0x00000000098a0000,0x00000000099a0000)]

Stack: [0x00000000098a0000,0x00000000099a0000]
[error occurred during error reporting (printing stack bounds), id 0xc0000005]


[error occurred during error reporting (printing native stack), id 0xc0000005]


Current CompileTask:
C2:   1628   11             sun.net.www.ParseUtil::encodePath (336 bytes)


---------------  P R O C E S S  ---------------

Java Threads: ( => current thread )
  0x0000000008613800 JavaThread "Service Thread" daemon [_thread_blocked, id=7868, stack(0x0000000009ff0000,0x000000000a0f0000)]
=>0x0000000008612000 JavaThread "C2 CompilerThread1" daemon [_thread_in_native, id=7188, stack(0x00000000098a0000,0x00000000099a0000)]
  0x000000000860f800 JavaThread "C2 CompilerThread0" daemon [_thread_blocked, id=7552, stack(0x0000000009e70000,0x0000000009f70000)]
  0x000000000860c800 JavaThread "Attach Listener" daemon [_thread_new, id=5288, stack(0x0000000000000000,0x0000000000000000)]
  0x0000000008607000 JavaThread "Signal Dispatcher" daemon [_thread_blocked, id=7008, stack(0x0000000009660000,0x0000000009760000)]
  0x00000000085b4800 JavaThread "Finalizer" daemon [_thread_blocked, id=8176, stack(0x0000000009b30000,0x0000000009c30000)]
  0x00000000085ad800 JavaThread "Reference Handler" daemon [_thread_blocked, id=5472, stack(0x00000000099f0000,0x0000000009af0000)]
  0x00000000004ee000 JavaThread "main" [_thread_in_Java, id=7568, stack(0x00000000024a0000,0x00000000025a0000)]

Other Threads:
  0x00000000085aa000 VMThread [stack: 0x00000000097a0000,0x00000000098a0000] [id=736]
  0x000000000862d000 WatcherThread [stack: 0x000000000a1c0000,0x000000000a2c0000] [id=552]

VM state:not at safepoint (normal execution)

VM Mutex/Monitor currently owned by a thread: None

Heap
 PSYoungGen      total 37376K, used 5181K [0x00000000eaa80000, 0x00000000ed400000, 0x0000000100000000)
  eden space 32256K, 16% used [0x00000000eaa80000,0x00000000eaf8f508,0x00000000eca00000)
  from space 5120K, 0% used [0x00000000ecf00000,0x00000000ecf00000,0x00000000ed400000)
  to   space 5120K, 0% used [0x00000000eca00000,0x00000000eca00000,0x00000000ecf00000)
 ParOldGen       total 84992K, used 0K [0x00000000c0000000, 0x00000000c5300000, 0x00000000eaa80000)
  object space 84992K, 0% used [0x00000000c0000000,0x00000000c0000000,0x00000000c5300000)
 PSPermGen       total 21504K, used 4507K [0x00000000bae00000, 0x00000000bc300000, 0x00000000c0000000)
  object space 21504K, 20% used [0x00000000bae00000,0x00000000bb266f90,0x00000000bc300000)

Card table byte_map: [0x00000000055a0000,0x00000000057d0000] byte_map_base: 0x0000000004fc9000

Polling page: 0x0000000000430000

Code Cache  [0x00000000025a0000, 0x0000000002810000, 0x00000000055a0000)
 total_blobs=238 nmethods=10 adapters=181 free_code_cache=48733Kb largest_free_block=49892288

Compilation events (10 events):
Event: 1.544 Thread 0x000000000860f800 nmethod 6 0x0000000002604990 code [0x0000000002604ae0, 0x0000000002604f38]
Event: 1.569 Thread 0x0000000008612000    7             java.lang.String::equals (81 bytes)
Event: 1.572 Thread 0x0000000008612000 nmethod 7 0x00000000026080d0 code [0x0000000002608220, 0x0000000002608478]
Event: 1.574 Thread 0x000000000860f800    8             java.lang.Object::<init> (1 bytes)
Event: 1.575 Thread 0x000000000860f800 nmethod 8 0x0000000002606f90 code [0x00000000026070c0, 0x0000000002607138]
Event: 1.580 Thread 0x0000000008612000    9             java.lang.String::charAt (29 bytes)
Event: 1.581 Thread 0x0000000008612000 nmethod 9 0x0000000002606d10 code [0x0000000002606e40, 0x0000000002606ed8]
Event: 1.587 Thread 0x000000000860f800   10             java.lang.String::startsWith (72 bytes)
Event: 1.590 Thread 0x000000000860f800 nmethod 10 0x0000000002606710 code [0x0000000002606860, 0x00000000026069f8]
Event: 1.618 Thread 0x0000000008612000   11             sun.net.www.ParseUtil::encodePath (336 bytes)

GC Heap History (0 events):
No events

Deoptimization events (0 events):
No events

Internal exceptions (10 events):
Event: 1.613 Thread 0x00000000004ee000 Threw 0x00000000eaf3e270 at C:\re\jdk7u79\2331\hotspot\src\share\vm\prims\jvm.cpp:1304
Event: 1.614 Thread 0x00000000004ee000 Threw 0x00000000eaf43940 at C:\re\jdk7u79\2331\hotspot\src\share\vm\prims\jvm.cpp:1304
Event: 1.615 Thread 0x00000000004ee000 Threw 0x00000000eaf469a0 at C:\re\jdk7u79\2331\hotspot\src\share\vm\prims\jvm.cpp:1304
Event: 1.616 Thread 0x00000000004ee000 Threw 0x00000000eaf4c848 at C:\re\jdk7u79\2331\hotspot\src\share\vm\prims\jvm.cpp:1304
Event: 1.617 Thread 0x00000000004ee000 Threw 0x00000000eaf5c3a8 at C:\re\jdk7u79\2331\hotspot\src\share\vm\prims\jvm.cpp:1304
Event: 1.618 Thread 0x00000000004ee000 Threw 0x00000000eaf5dec0 at C:\re\jdk7u79\2331\hotspot\src\share\vm\prims\jvm.cpp:1304
Event: 1.618 Thread 0x00000000004ee000 Threw 0x00000000eaf62b98 at C:\re\jdk7u79\2331\hotspot\src\share\vm\prims\jvm.cpp:1304
Event: 1.619 Thread 0x00000000004ee000 Threw 0x00000000eaf68330 at C:\re\jdk7u79\2331\hotspot\src\share\vm\prims\jvm.cpp:1304
Event: 1.620 Thread 0x00000000004ee000 Threw 0x00000000eaf6b800 at C:\re\jdk7u79\2331\hotspot\src\share\vm\prims\jvm.cpp:1304
Event: 1.622 Thread 0x00000000004ee000 Threw 0x00000000eaf7b3a8 at C:\re\jdk7u79\2331\hotspot\src\share\vm\prims\jvm.cpp:1304

Events (10 events):
Event: 1.618 loading class 0x000000000a4249c0
Event: 1.618 loading class 0x000000000a4249c0 done
Event: 1.619 loading class 0x000000000a3cf2c0
Event: 1.619 loading class 0x000000000a3cf2c0 done
Event: 1.620 loading class 0x000000000a4243c0
Event: 1.620 loading class 0x000000000a4243c0 done
Event: 1.621 loading class 0x000000000a3cfa40
Event: 1.621 loading class 0x000000000a3cfa40 done
Event: 1.622 loading class 0x000000000219e4b0
Event: 1.622 loading class 0x000000000219e4b0 done


Dynamic libraries:
0x000000013f5c0000 - 0x000000013f5f3000 	C:\Program Files\Java\jdk1.7.0_79\bin\java.exe
0x0000000076df0000 - 0x0000000076f98000 	C:\Windows\SYSTEM32\ntdll.dll
0x0000000076cd0000 - 0x0000000076def000 	C:\Windows\system32\kernel32.dll
0x000007fefced0000 - 0x000007fefcf3c000 	C:\Windows\system32\KERNELBASE.dll
0x000007fefcf70000 - 0x000007fefd04b000 	C:\Windows\system32\ADVAPI32.dll
0x000007fefe6f0000 - 0x000007fefe78f000 	C:\Windows\system32\msvcrt.dll
0x000007fefebb0000 - 0x000007fefebcf000 	C:\Windows\SYSTEM32\sechost.dll
0x000007fefe810000 - 0x000007fefe93d000 	C:\Windows\system32\RPCRT4.dll
0x0000000076bd0000 - 0x0000000076cca000 	C:\Windows\system32\USER32.dll
0x000007fefee20000 - 0x000007fefee87000 	C:\Windows\system32\GDI32.dll
0x000007feff0f0000 - 0x000007feff0fe000 	C:\Windows\system32\LPK.dll
0x000007feff020000 - 0x000007feff0e9000 	C:\Windows\system32\USP10.dll
0x000007fefb1e0000 - 0x000007fefb3d4000 	C:\Windows\WinSxS\amd64_microsoft.windows.common-controls_6595b64144ccf1df_6.0.7601.17514_none_fa396087175ac9ac\COMCTL32.dll
0x000007fefe790000 - 0x000007fefe801000 	C:\Windows\system32\SHLWAPI.dll
0x000007fefd270000 - 0x000007fefd29e000 	C:\Windows\system32\IMM32.DLL
0x000007fefe9a0000 - 0x000007fefeaa9000 	C:\Windows\system32\MSCTF.dll
0x0000000063680000 - 0x0000000063752000 	C:\Program Files\Java\jdk1.7.0_79\jre\bin\msvcr100.dll
0x000000005d070000 - 0x000000005d845000 	C:\Program Files\Java\jdk1.7.0_79\jre\bin\server\jvm.dll
0x000007fef7f60000 - 0x000007fef7f69000 	C:\Windows\system32\WSOCK32.dll
0x000007fefeac0000 - 0x000007fefeb0d000 	C:\Windows\system32\WS2_32.dll
0x000007fefeab0000 - 0x000007fefeab8000 	C:\Windows\system32\NSI.dll
0x000007fefaa80000 - 0x000007fefaabb000 	C:\Windows\system32\WINMM.dll
0x0000000076fc0000 - 0x0000000076fc7000 	C:\Windows\system32\PSAPI.DLL
0x000000006dd20000 - 0x000000006dd2f000 	C:\Program Files\Java\jdk1.7.0_79\jre\bin\verify.dll
0x0000000063aa0000 - 0x0000000063ac8000 	C:\Program Files\Java\jdk1.7.0_79\jre\bin\java.dll
0x0000000063a80000 - 0x0000000063a95000 	C:\Program Files\Java\jdk1.7.0_79\jre\bin\zip.dll
0x0000000063a60000 - 0x0000000063a7a000 	C:\Program Files\Java\jdk1.7.0_79\jre\bin\net.dll
0x000007fefc390000 - 0x000007fefc3e5000 	C:\Windows\system32\mswsock.dll
0x000007fefc380000 - 0x000007fefc387000 	C:\Windows\System32\wship6.dll
0x0000000063a40000 - 0x0000000063a51000 	C:\Program Files\Java\jdk1.7.0_79\jre\bin\nio.dll

VM Arguments:
jvm_args: -Xmx1024M -Dfile.encoding=windows-1251 -Duser.country=RU -Duser.language=ru -Duser.variant 
java_command: com.android.dx.command.Main --dex --output C:\Users\Sashka\git\UpMobile\MusicDownloader\build\intermediates\pre-dexed\debug\Listviewanimations_v2-15d137c77a6ebbe22439a61d8cf9381785d60a4a.jar C:\Users\Sashka\git\UpMobile\MusicDownloader\build\intermediates\exploded-aar\UpMobile.libraries\LifeToolsMp3\unspecified\jars\libs\Listviewanimations_v2.jar
Launcher Type: SUN_STANDARD

Environment Variables:
PATH=C:\ProgramData\Oracle\Java\javapath;C:\Windows\system32;C:\Windows;C:\Windows\System32\Wbem;C:\Windows\System32\WindowsPowerShell\v1.0\;C:\Program Files (x86)\Intel\OpenCL SDK\3.0\bin\x86;C:\Program Files (x86)\Intel\OpenCL SDK\3.0\bin\x64;C:\Program Files\Intel\WiFi\bin\;C:\Program Files\Common Files\Intel\WirelessCommon\;C:\Program Files (x86)\NVIDIA Corporation\PhysX\Common;C:\Program Files (x86)\Skype\Phone\;C:\Program Files\Intel\WiFi\bin\;C:\Program Files\Common Files\Intel\WirelessCommon\
USERNAME=Sashka
OS=Windows_NT
PROCESSOR_IDENTIFIER=Intel64 Family 6 Model 60 Stepping 3, GenuineIntel



---------------  S Y S T E M  ---------------

OS: Windows 7 , 64 bit Build 7601 Service Pack 1

CPU:total 4 (2 cores per cpu, 2 threads per core) family 6 model 60 stepping 3, cmov, cx8, fxsr, mmx, sse, sse2, sse3, ssse3, sse4.1, sse4.2, popcnt, avx, avx2, aes, erms, ht, tsc, tscinvbit

Memory: 4k page, physical 8155504k(549388k free), swap 9202228k(5120k free)

vm_info: Java HotSpot(TM) 64-Bit Server VM (24.79-b02) for windows-amd64 JRE (1.7.0_79-b15), built on Apr 10 2015 12:36:16 by "java_re" with unknown MS VC++:1600

time: Mon Jul 13 11:33:51 2015
elapsed time: 1 seconds

