#
# There is insufficient memory for the Java Runtime Environment to continue.
# Native memory allocation (malloc) failed to allocate 32784 bytes for Chunk::new
# Possible reasons:
#   The system is out of physical RAM or swap space
#   In 32 bit mode, the process size limit was hit
# Possible solutions:
#   Reduce memory load on the system
#   Increase physical memory or swap space
#   Check if swap backing store is full
#   Use 64 bit Java on a 64 bit OS
#   Decrease Java heap size (-Xmx/-Xms)
#   Decrease number of Java threads
#   Decrease Java thread stack sizes (-Xss)
#   Set larger code cache with -XX:ReservedCodeCacheSize=
# This output file may be truncated or incomplete.
#
#  Out of Memory Error (allocation.cpp:323), pid=6204, tid=6292
#
# JRE version: Java(TM) SE Runtime Environment (7.0_79-b15) (build 1.7.0_79-b15)
# Java VM: Java HotSpot(TM) 64-Bit Server VM (24.79-b02 mixed mode windows-amd64 compressed oops)
# Failed to write core dump. Minidumps are not enabled by default on client versions of Windows
#

---------------  T H R E A D  ---------------

Current thread (0x000000000863f800):  JavaThread "C2 CompilerThread0" daemon [_thread_in_native, id=6292, stack(0x0000000009d80000,0x0000000009e80000)]

Stack: [0x0000000009d80000,0x0000000009e80000]
[error occurred during error reporting (printing stack bounds), id 0xc0000005]


Current CompileTask:
C2:   2806  188             com.android.dx.ssa.SCCP::run (298 bytes)


---------------  P R O C E S S  ---------------

Java Threads: ( => current thread )
  0x0000000008643800 JavaThread "Service Thread" daemon [_thread_blocked, id=6776, stack(0x000000000a080000,0x000000000a180000)]
  0x0000000008641800 JavaThread "C2 CompilerThread1" daemon [_thread_in_native, id=6604, stack(0x0000000009ec0000,0x0000000009fc0000)]
=>0x000000000863f800 JavaThread "C2 CompilerThread0" daemon [_thread_in_native, id=6292, stack(0x0000000009d80000,0x0000000009e80000)]
  0x000000000863c800 JavaThread "Attach Listener" daemon [_thread_blocked, id=7292, stack(0x0000000009b20000,0x0000000009c20000)]
  0x0000000008637800 JavaThread "Signal Dispatcher" daemon [_thread_blocked, id=7596, stack(0x00000000098a0000,0x00000000099a0000)]
  0x00000000085e6800 JavaThread "Finalizer" daemon [_thread_blocked, id=7800, stack(0x00000000099c0000,0x0000000009ac0000)]
  0x00000000085dd800 JavaThread "Reference Handler" daemon [_thread_blocked, id=7772, stack(0x0000000009700000,0x0000000009800000)]
  0x000000000234e000 JavaThread "main" [_thread_in_Java, id=8100, stack(0x0000000002600000,0x0000000002700000)]

Other Threads:
  0x00000000085da000 VMThread [stack: 0x00000000095d0000,0x00000000096d0000] [id=7956]
  0x0000000008645000 WatcherThread [stack: 0x000000000a2c0000,0x000000000a3c0000] [id=7372]

VM state:not at safepoint (normal execution)

VM Mutex/Monitor currently owned by a thread: None

Heap
 PSYoungGen      total 37376K, used 8988K [0x00000000eaa80000, 0x00000000ed400000, 0x0000000100000000)
  eden space 32256K, 12% used [0x00000000eaa80000,0x00000000eae488e8,0x00000000eca00000)
  from space 5120K, 99% used [0x00000000eca00000,0x00000000ecefeaa8,0x00000000ecf00000)
  to   space 5120K, 0% used [0x00000000ecf00000,0x00000000ecf00000,0x00000000ed400000)
 ParOldGen       total 84992K, used 1570K [0x00000000c0000000, 0x00000000c5300000, 0x00000000eaa80000)
  object space 84992K, 1% used [0x00000000c0000000,0x00000000c0188a28,0x00000000c5300000)
 PSPermGen       total 21504K, used 5579K [0x00000000bae00000, 0x00000000bc300000, 0x00000000c0000000)
  object space 21504K, 25% used [0x00000000bae00000,0x00000000bb372ea0,0x00000000bc300000)

Card table byte_map: [0x0000000005700000,0x0000000005930000] byte_map_base: 0x0000000005129000

Polling page: 0x0000000000430000

Code Cache  [0x0000000002700000, 0x0000000002970000, 0x0000000005700000)
 total_blobs=424 nmethods=190 adapters=186 free_code_cache=48308Kb largest_free_block=49424832

Compilation events (10 events):
Event: 1.692 Thread 0x000000000863f800 nmethod 183 0x00000000027c3210 code [0x00000000027c3340, 0x00000000027c34d8]
Event: 1.692 Thread 0x000000000863f800  184             com.android.dx.ssa.SsaMethod::bitSetFromLabelList (47 bytes)
Event: 1.701 Thread 0x000000000863f800 nmethod 184 0x00000000027c0bd0 code [0x00000000027c0d40, 0x00000000027c1188]
Event: 1.701 Thread 0x000000000863f800  185             com.android.dx.util.Bits::clear (21 bytes)
Event: 1.702 Thread 0x000000000863f800 nmethod 185 0x00000000027c0950 code [0x00000000027c0a80, 0x00000000027c0b18]
Event: 1.702 Thread 0x000000000863f800  186             com.android.dx.ssa.SCCP::simulateBranch (666 bytes)
Event: 1.759 Thread 0x000000000863f800 nmethod 186 0x00000000027cefd0 code [0x00000000027cf220, 0x00000000027d00d0]
Event: 1.759 Thread 0x000000000863f800  187             com.android.dx.ssa.SsaMethod::getUseListCopy (56 bytes)
Event: 1.767 Thread 0x000000000863f800 nmethod 187 0x00000000027cca50 code [0x00000000027ccbc0, 0x00000000027cd068]
Event: 1.767 Thread 0x000000000863f800  188             com.android.dx.ssa.SCCP::run (298 bytes)

GC Heap History (2 events):
Event: 1.996 GC heap before
{Heap before GC invocations=1 (full 0):
 PSYoungGen      total 37376K, used 32256K [0x00000000eaa80000, 0x00000000ed400000, 0x0000000100000000)
  eden space 32256K, 100% used [0x00000000eaa80000,0x00000000eca00000,0x00000000eca00000)
  from space 5120K, 0% used [0x00000000ecf00000,0x00000000ecf00000,0x00000000ed400000)
  to   space 5120K, 0% used [0x00000000eca00000,0x00000000eca00000,0x00000000ecf00000)
 ParOldGen       total 84992K, used 0K [0x00000000c0000000, 0x00000000c5300000, 0x00000000eaa80000)
  object space 84992K, 0% used [0x00000000c0000000,0x00000000c0000000,0x00000000c5300000)
 PSPermGen       total 21504K, used 5567K [0x00000000bae00000, 0x00000000bc300000, 0x00000000c0000000)
  object space 21504K, 25% used [0x00000000bae00000,0x00000000bb36fc58,0x00000000bc300000)
Event: 2.650 GC heap after
Heap after GC invocations=1 (full 0):
 PSYoungGen      total 37376K, used 5114K [0x00000000eaa80000, 0x00000000ed400000, 0x0000000100000000)
  eden space 32256K, 0% used [0x00000000eaa80000,0x00000000eaa80000,0x00000000eca00000)
  from space 5120K, 99% used [0x00000000eca00000,0x00000000ecefeaa8,0x00000000ecf00000)
  to   space 5120K, 0% used [0x00000000ecf00000,0x00000000ecf00000,0x00000000ed400000)
 ParOldGen       total 84992K, used 1570K [0x00000000c0000000, 0x00000000c5300000, 0x00000000eaa80000)
  object space 84992K, 1% used [0x00000000c0000000,0x00000000c0188a28,0x00000000c5300000)
 PSPermGen       total 21504K, used 5567K [0x00000000bae00000, 0x00000000bc300000, 0x00000000c0000000)
  object space 21504K, 25% used [0x00000000bae00000,0x00000000bb36fc58,0x00000000bc300000)
}

Deoptimization events (10 events):
Event: 0.924 Thread 0x000000000234e000 Uncommon trap: reason=null_check action=make_not_entrant pc=0x00000000027796f4 method=com.android.dx.rop.code.LocalItem.equals(Ljava/lang/Object;)Z @ 1
Event: 1.196 Thread 0x000000000234e000 Uncommon trap: reason=class_check action=maybe_recompile pc=0x0000000002799d88 method=com.android.dx.ssa.NormalSsaInsn.accept(Lcom/android/dx/ssa/SsaInsn$Visitor;)V @ 9
Event: 1.196 Thread 0x000000000234e000 Uncommon trap: reason=class_check action=maybe_recompile pc=0x0000000002799d88 method=com.android.dx.ssa.NormalSsaInsn.accept(Lcom/android/dx/ssa/SsaInsn$Visitor;)V @ 9
Event: 1.196 Thread 0x000000000234e000 Uncommon trap: reason=class_check action=maybe_recompile pc=0x0000000002799d88 method=com.android.dx.ssa.NormalSsaInsn.accept(Lcom/android/dx/ssa/SsaInsn$Visitor;)V @ 9
Event: 1.196 Thread 0x000000000234e000 Uncommon trap: reason=class_check action=maybe_recompile pc=0x0000000002799d88 method=com.android.dx.ssa.NormalSsaInsn.accept(Lcom/android/dx/ssa/SsaInsn$Visitor;)V @ 9
Event: 1.196 Thread 0x000000000234e000 Uncommon trap: reason=class_check action=maybe_recompile pc=0x000000000276d898 method=com.android.dx.ssa.NormalSsaInsn.accept(Lcom/android/dx/ssa/SsaInsn$Visitor;)V @ 9
Event: 1.856 Thread 0x000000000234e000 Uncommon trap: reason=null_check action=make_not_entrant pc=0x00000000027ad400 method=com.android.dx.ssa.SsaRenamer.getLocalForNewReg(I)Lcom/android/dx/rop/code/LocalItem; @ 19
Event: 1.856 Thread 0x000000000234e000 Uncommon trap: reason=null_check action=make_not_entrant pc=0x00000000027b03d8 method=com.android.dx.ssa.SsaRenamer.getLocalForNewReg(I)Lcom/android/dx/rop/code/LocalItem; @ 19
Event: 2.690 Thread 0x000000000234e000 Uncommon trap: reason=unreached action=reinterpret pc=0x00000000027cfc60 method=com.android.dx.ssa.SCCP.simulateBranch(Lcom/android/dx/ssa/SsaInsn;)V @ 132
Event: 2.754 Thread 0x000000000234e000 Uncommon trap: reason=null_check action=make_not_entrant pc=0x00000000027943d4 method=com.android.dx.rop.type.Type.equals(Ljava/lang/Object;)Z @ 8

Internal exceptions (10 events):
Event: 1.164 Thread 0x000000000234e000 Threw 0x00000000eb929980 at C:\re\jdk7u79\2331\hotspot\src\share\vm\prims\jvm.cpp:1304
Event: 1.165 Thread 0x000000000234e000 Threw 0x00000000eb932110 at C:\re\jdk7u79\2331\hotspot\src\share\vm\prims\jvm.cpp:1304
Event: 1.753 Thread 0x000000000234e000 Threw 0x00000000ec5e0f08 at C:\re\jdk7u79\2331\hotspot\src\share\vm\prims\jvm.cpp:1304
Event: 1.754 Thread 0x000000000234e000 Threw 0x00000000ec5e3660 at C:\re\jdk7u79\2331\hotspot\src\share\vm\prims\jvm.cpp:1304
Event: 1.754 Thread 0x000000000234e000 Threw 0x00000000ec5e6028 at C:\re\jdk7u79\2331\hotspot\src\share\vm\prims\jvm.cpp:1304
Event: 1.856 Thread 0x000000000234e000 Implicit null exception at 0x00000000027ac7e4 to 0x00000000027ad3e5
Event: 1.856 Thread 0x000000000234e000 Implicit null exception at 0x00000000027af8ca to 0x00000000027b03b5
Event: 1.985 Thread 0x000000000234e000 Threw 0x00000000ec9bb5a0 at C:\re\jdk7u79\2331\hotspot\src\share\vm\prims\jvm.cpp:1304
Event: 2.691 Thread 0x000000000234e000 Threw 0x00000000eab1ec40 at C:\re\jdk7u79\2331\hotspot\src\share\vm\prims\jvm.cpp:1304
Event: 2.754 Thread 0x000000000234e000 Implicit null exception at 0x00000000027942d2 to 0x00000000027943c5

Events (10 events):
Event: 1.996 Executing VM operation: ParallelGCFailedAllocation
Event: 2.650 Executing VM operation: ParallelGCFailedAllocation done
Event: 2.690 Thread 0x000000000234e000 Uncommon trap: trap_request=0xffffffad fr.pc=0x00000000027cfc60
Event: 2.690 Thread 0x000000000234e000 DEOPT PACKING pc=0x00000000027cfc60 sp=0x00000000026fe980
Event: 2.690 Thread 0x000000000234e000 DEOPT UNPACKING pc=0x00000000027375a4 sp=0x00000000026fe8f8 mode 2
Event: 2.691 loading class 0x000000000a5d3b70
Event: 2.691 loading class 0x000000000a5d3b70 done
Event: 2.754 Thread 0x000000000234e000 Uncommon trap: trap_request=0xfffffff4 fr.pc=0x00000000027943d4
Event: 2.754 Thread 0x000000000234e000 DEOPT PACKING pc=0x00000000027943d4 sp=0x00000000026fe820
Event: 2.754 Thread 0x000000000234e000 DEOPT UNPACKING pc=0x00000000027375a4 sp=0x00000000026fe7b8 mode 2


Dynamic libraries:
0x000000013f5c0000 - 0x000000013f5f3000 	C:\Program Files\Java\jdk1.7.0_79\bin\java.exe
0x0000000076df0000 - 0x0000000076f98000 	C:\Windows\SYSTEM32\ntdll.dll
0x0000000076cd0000 - 0x0000000076def000 	C:\Windows\system32\kernel32.dll
0x000007fefced0000 - 0x000007fefcf3c000 	C:\Windows\system32\KERNELBASE.dll
0x000007fefcf70000 - 0x000007fefd04b000 	C:\Windows\system32\ADVAPI32.dll
0x000007fefe6f0000 - 0x000007fefe78f000 	C:\Windows\system32\msvcrt.dll
0x000007fefebb0000 - 0x000007fefebcf000 	C:\Windows\SYSTEM32\sechost.dll
0x000007fefe810000 - 0x000007fefe93d000 	C:\Windows\system32\RPCRT4.dll
0x0000000076bd0000 - 0x0000000076cca000 	C:\Windows\system32\USER32.dll
0x000007fefee20000 - 0x000007fefee87000 	C:\Windows\system32\GDI32.dll
0x000007feff0f0000 - 0x000007feff0fe000 	C:\Windows\system32\LPK.dll
0x000007feff020000 - 0x000007feff0e9000 	C:\Windows\system32\USP10.dll
0x000007fefb1e0000 - 0x000007fefb3d4000 	C:\Windows\WinSxS\amd64_microsoft.windows.common-controls_6595b64144ccf1df_6.0.7601.17514_none_fa396087175ac9ac\COMCTL32.dll
0x000007fefe790000 - 0x000007fefe801000 	C:\Windows\system32\SHLWAPI.dll
0x000007fefd270000 - 0x000007fefd29e000 	C:\Windows\system32\IMM32.DLL
0x000007fefe9a0000 - 0x000007fefeaa9000 	C:\Windows\system32\MSCTF.dll
0x0000000063680000 - 0x0000000063752000 	C:\Program Files\Java\jdk1.7.0_79\jre\bin\msvcr100.dll
0x000000005d070000 - 0x000000005d845000 	C:\Program Files\Java\jdk1.7.0_79\jre\bin\server\jvm.dll
0x000007fef7f60000 - 0x000007fef7f69000 	C:\Windows\system32\WSOCK32.dll
0x000007fefeac0000 - 0x000007fefeb0d000 	C:\Windows\system32\WS2_32.dll
0x000007fefeab0000 - 0x000007fefeab8000 	C:\Windows\system32\NSI.dll
0x000007fefaa80000 - 0x000007fefaabb000 	C:\Windows\system32\WINMM.dll
0x0000000076fc0000 - 0x0000000076fc7000 	C:\Windows\system32\PSAPI.DLL
0x000000006dd20000 - 0x000000006dd2f000 	C:\Program Files\Java\jdk1.7.0_79\jre\bin\verify.dll
0x0000000063aa0000 - 0x0000000063ac8000 	C:\Program Files\Java\jdk1.7.0_79\jre\bin\java.dll
0x0000000063a80000 - 0x0000000063a95000 	C:\Program Files\Java\jdk1.7.0_79\jre\bin\zip.dll
0x0000000063a60000 - 0x0000000063a7a000 	C:\Program Files\Java\jdk1.7.0_79\jre\bin\net.dll
0x000007fefc390000 - 0x000007fefc3e5000 	C:\Windows\system32\mswsock.dll
0x000007fefc380000 - 0x000007fefc387000 	C:\Windows\System32\wship6.dll
0x0000000063a40000 - 0x0000000063a51000 	C:\Program Files\Java\jdk1.7.0_79\jre\bin\nio.dll

VM Arguments:
jvm_args: -Xmx1024M -Dfile.encoding=windows-1251 -Duser.country=RU -Duser.language=ru -Duser.variant 
java_command: com.android.dx.command.Main --dex --output C:\Users\Sashka\git\UpMobile\MusicDownloader\build\intermediates\pre-dexed\debug\jaudiotagger-2.0.3-0d6cfc367822f963eb43757128d36c7a27857e7f.jar C:\Users\Sashka\git\UpMobile\MusicDownloader\build\intermediates\exploded-aar\UpMobile.libraries\LifeToolsMp3\unspecified\jars\libs\jaudiotagger-2.0.3.jar
Launcher Type: SUN_STANDARD

Environment Variables:
PATH=C:\ProgramData\Oracle\Java\javapath;C:\Windows\system32;C:\Windows;C:\Windows\System32\Wbem;C:\Windows\System32\WindowsPowerShell\v1.0\;C:\Program Files (x86)\Intel\OpenCL SDK\3.0\bin\x86;C:\Program Files (x86)\Intel\OpenCL SDK\3.0\bin\x64;C:\Program Files\Intel\WiFi\bin\;C:\Program Files\Common Files\Intel\WirelessCommon\;C:\Program Files (x86)\NVIDIA Corporation\PhysX\Common;C:\Program Files (x86)\Skype\Phone\;C:\Program Files\Intel\WiFi\bin\;C:\Program Files\Common Files\Intel\WirelessCommon\
USERNAME=Sashka
OS=Windows_NT
PROCESSOR_IDENTIFIER=Intel64 Family 6 Model 60 Stepping 3, GenuineIntel



---------------  S Y S T E M  ---------------

OS: Windows 7 , 64 bit Build 7601 Service Pack 1

CPU:total 4 (2 cores per cpu, 2 threads per core) family 6 model 60 stepping 3, cmov, cx8, fxsr, mmx, sse, sse2, sse3, ssse3, sse4.1, sse4.2, popcnt, avx, avx2, aes, erms, ht, tsc, tscinvbit

Memory: 4k page, physical 8155504k(502096k free), swap 9202228k(6188k free)

vm_info: Java HotSpot(TM) 64-Bit Server VM (24.79-b02) for windows-amd64 JRE (1.7.0_79-b15), built on Apr 10 2015 12:36:16 by "java_re" with unknown MS VC++:1600

time: Mon Jul 13 11:33:54 2015
elapsed time: 2 seconds

