#
# There is insufficient memory for the Java Runtime Environment to continue.
# Native memory allocation (malloc) failed to allocate 91056 bytes for Chunk::new
# Possible reasons:
#   The system is out of physical RAM or swap space
#   In 32 bit mode, the process size limit was hit
# Possible solutions:
#   Reduce memory load on the system
#   Increase physical memory or swap space
#   Check if swap backing store is full
#   Use 64 bit Java on a 64 bit OS
#   Decrease Java heap size (-Xmx/-Xms)
#   Decrease number of Java threads
#   Decrease Java thread stack sizes (-Xss)
#   Set larger code cache with -XX:ReservedCodeCacheSize=
# This output file may be truncated or incomplete.
#
#  Out of Memory Error (allocation.cpp:323), pid=7984, tid=6664
#
# JRE version: Java(TM) SE Runtime Environment (7.0_79-b15) (build 1.7.0_79-b15)
# Java VM: Java HotSpot(TM) 64-Bit Server VM (24.79-b02 mixed mode windows-amd64 compressed oops)
# Failed to write core dump. Minidumps are not enabled by default on client versions of Windows
#

---------------  T H R E A D  ---------------

Current thread (0x000000000849f000):  JavaThread "C2 CompilerThread0" daemon [_thread_in_native, id=6664, stack(0x0000000009d10000,0x0000000009e10000)]

Stack: [0x0000000009d10000,0x0000000009e10000]
[error occurred during error reporting (printing stack bounds), id 0xc0000005]


[error occurred during error reporting (printing native stack), id 0xc0000005]


Current CompileTask:
C2:   6104  408             com.android.dx.cf.cst.ConstantPoolParser::parse (365 bytes)


---------------  P R O C E S S  ---------------

Java Threads: ( => current thread )
  0x00000000084ae800 JavaThread "Service Thread" daemon [_thread_blocked, id=7368, stack(0x0000000009ed0000,0x0000000009fd0000)]
  0x00000000084ad000 JavaThread "C2 CompilerThread1" daemon [_thread_in_native, id=2060, stack(0x0000000009a30000,0x0000000009b30000)]
=>0x000000000849f000 JavaThread "C2 CompilerThread0" daemon [_thread_in_native, id=6664, stack(0x0000000009d10000,0x0000000009e10000)]
  0x000000000849c000 JavaThread "Attach Listener" daemon [_thread_blocked, id=7756, stack(0x0000000009b60000,0x0000000009c60000)]
  0x0000000008497000 JavaThread "Signal Dispatcher" daemon [_thread_blocked, id=6432, stack(0x00000000097e0000,0x00000000098e0000)]
  0x000000000843f000 JavaThread "Finalizer" daemon [_thread_blocked, id=3996, stack(0x0000000009930000,0x0000000009a30000)]
  0x000000000843d800 JavaThread "Reference Handler" daemon [_thread_blocked, id=6156, stack(0x0000000009520000,0x0000000009620000)]
  0x00000000023de000 JavaThread "main" [_thread_in_Java, id=3220, stack(0x00000000025c0000,0x00000000026c0000)]

Other Threads:
  0x000000000843a000 VMThread [stack: 0x0000000009670000,0x0000000009770000] [id=3824]
  0x00000000084b8000 WatcherThread [stack: 0x000000000a0a0000,0x000000000a1a0000] [id=7976]

VM state:not at safepoint (normal execution)

VM Mutex/Monitor currently owned by a thread: None

Heap
 PSYoungGen      total 69632K, used 16561K [0x00000000eaa80000, 0x00000000ef380000, 0x0000000100000000)
  eden space 64512K, 17% used [0x00000000eaa80000,0x00000000eb5ae898,0x00000000ee980000)
  from space 5120K, 99% used [0x00000000eee80000,0x00000000ef37dc88,0x00000000ef380000)
  to   space 5120K, 0% used [0x00000000ee980000,0x00000000ee980000,0x00000000eee80000)
 ParOldGen       total 84992K, used 6722K [0x00000000c0000000, 0x00000000c5300000, 0x00000000eaa80000)
  object space 84992K, 7% used [0x00000000c0000000,0x00000000c0690b40,0x00000000c5300000)
 PSPermGen       total 21504K, used 5575K [0x00000000bae00000, 0x00000000bc300000, 0x00000000c0000000)
  object space 21504K, 25% used [0x00000000bae00000,0x00000000bb371dc8,0x00000000bc300000)

Card table byte_map: [0x00000000056c0000,0x00000000058f0000] byte_map_base: 0x00000000050e9000

Polling page: 0x0000000000330000

Code Cache  [0x00000000026c0000, 0x0000000002930000, 0x00000000056c0000)
 total_blobs=636 nmethods=403 adapters=185 free_code_cache=47534Kb largest_free_block=48607744

Compilation events (10 events):
Event: 5.796 Thread 0x000000000849f000 nmethod 404 0x000000000283ac10 code [0x000000000283ad40, 0x000000000283add8]
Event: 5.796 Thread 0x000000000849f000  405             com.android.dx.dex.code.RopTranslator$TranslationVisitor::setBlock (11 bytes)
Event: 5.796 Thread 0x000000000849f000 nmethod 405 0x0000000002840790 code [0x00000000028408c0, 0x0000000002840938]
Event: 5.796 Thread 0x000000000849f000  406             com.android.dx.dex.code.BlockAddresses::getEnd (10 bytes)
Event: 5.797 Thread 0x000000000849f000 nmethod 406 0x00000000027363d0 code [0x0000000002736500, 0x0000000002736598]
Event: 5.797 Thread 0x000000000849f000  407             com.android.dx.dex.cf.CfTranslator::translate0 (259 bytes)
Event: 5.818 Thread 0x00000000084ad000 nmethod 396 0x000000000285b090 code [0x000000000285b940, 0x000000000285dc90]
Event: 5.839 Thread 0x000000000849f000 nmethod 407 0x0000000002861590 code [0x00000000028618a0, 0x00000000028632d8]
Event: 5.839 Thread 0x000000000849f000  408             com.android.dx.cf.cst.ConstantPoolParser::parse (365 bytes)
Event: 5.845 Thread 0x00000000084ad000  409   !         com.android.dx.cf.cst.ConstantPoolParser::determineOffsets (285 bytes)

GC Heap History (4 events):
Event: 4.417 GC heap before
{Heap before GC invocations=1 (full 0):
 PSYoungGen      total 37376K, used 32256K [0x00000000eaa80000, 0x00000000ed400000, 0x0000000100000000)
  eden space 32256K, 100% used [0x00000000eaa80000,0x00000000eca00000,0x00000000eca00000)
  from space 5120K, 0% used [0x00000000ecf00000,0x00000000ecf00000,0x00000000ed400000)
  to   space 5120K, 0% used [0x00000000eca00000,0x00000000eca00000,0x00000000ecf00000)
 ParOldGen       total 84992K, used 0K [0x00000000c0000000, 0x00000000c5300000, 0x00000000eaa80000)
  object space 84992K, 0% used [0x00000000c0000000,0x00000000c0000000,0x00000000c5300000)
 PSPermGen       total 21504K, used 5520K [0x00000000bae00000, 0x00000000bc300000, 0x00000000c0000000)
  object space 21504K, 25% used [0x00000000bae00000,0x00000000bb364140,0x00000000bc300000)
Event: 4.500 GC heap after
Heap after GC invocations=1 (full 0):
 PSYoungGen      total 37376K, used 5114K [0x00000000eaa80000, 0x00000000ef380000, 0x0000000100000000)
  eden space 32256K, 0% used [0x00000000eaa80000,0x00000000eaa80000,0x00000000eca00000)
  from space 5120K, 99% used [0x00000000eca00000,0x00000000ecefeaa8,0x00000000ecf00000)
  to   space 5120K, 0% used [0x00000000eee80000,0x00000000eee80000,0x00000000ef380000)
 ParOldGen       total 84992K, used 1823K [0x00000000c0000000, 0x00000000c5300000, 0x00000000eaa80000)
  object space 84992K, 2% used [0x00000000c0000000,0x00000000c01c7f00,0x00000000c5300000)
 PSPermGen       total 21504K, used 5520K [0x00000000bae00000, 0x00000000bc300000, 0x00000000c0000000)
  object space 21504K, 25% used [0x00000000bae00000,0x00000000bb364140,0x00000000bc300000)
}
Event: 5.363 GC heap before
{Heap before GC invocations=2 (full 0):
 PSYoungGen      total 37376K, used 37370K [0x00000000eaa80000, 0x00000000ef380000, 0x0000000100000000)
  eden space 32256K, 100% used [0x00000000eaa80000,0x00000000eca00000,0x00000000eca00000)
  from space 5120K, 99% used [0x00000000eca00000,0x00000000ecefeaa8,0x00000000ecf00000)
  to   space 5120K, 0% used [0x00000000eee80000,0x00000000eee80000,0x00000000ef380000)
 ParOldGen       total 84992K, used 1823K [0x00000000c0000000, 0x00000000c5300000, 0x00000000eaa80000)
  object space 84992K, 2% used [0x00000000c0000000,0x00000000c01c7f00,0x00000000c5300000)
 PSPermGen       total 21504K, used 5567K [0x00000000bae00000, 0x00000000bc300000, 0x00000000c0000000)
  object space 21504K, 25% used [0x00000000bae00000,0x00000000bb36fcb8,0x00000000bc300000)
Event: 5.402 GC heap after
Heap after GC invocations=2 (full 0):
 PSYoungGen      total 69632K, used 5111K [0x00000000eaa80000, 0x00000000ef380000, 0x0000000100000000)
  eden space 64512K, 0% used [0x00000000eaa80000,0x00000000eaa80000,0x00000000ee980000)
  from space 5120K, 99% used [0x00000000eee80000,0x00000000ef37dc88,0x00000000ef380000)
  to   space 5120K, 0% used [0x00000000ee980000,0x00000000ee980000,0x00000000eee80000)
 ParOldGen       total 84992K, used 6722K [0x00000000c0000000, 0x00000000c5300000, 0x00000000eaa80000)
  object space 84992K, 7% used [0x00000000c0000000,0x00000000c0690b40,0x00000000c5300000)
 PSPermGen       total 21504K, used 5567K [0x00000000bae00000, 0x00000000bc300000, 0x00000000c0000000)
  object space 21504K, 25% used [0x00000000bae00000,0x00000000bb36fcb8,0x00000000bc300000)
}

Deoptimization events (10 events):
Event: 4.360 Thread 0x00000000023de000 Uncommon trap: reason=unreached action=reinterpret pc=0x000000000274cd84 method=com.android.dx.rop.cst.Constant.compareTo(Lcom/android/dx/rop/cst/Constant;)I @ 12
Event: 4.388 Thread 0x00000000023de000 Uncommon trap: reason=null_check action=make_not_entrant pc=0x0000000002751114 method=com.android.dx.rop.type.Type.equals(Ljava/lang/Object;)Z @ 8
Event: 5.163 Thread 0x00000000023de000 Uncommon trap: reason=bimorphic action=maybe_recompile pc=0x00000000027da470 method=com.android.dx.cf.code.BytecodeArray.parseInstruction(ILcom/android/dx/cf/code/BytecodeArray$Visitor;)I @ 1224
Event: 5.163 Thread 0x00000000023de000 Uncommon trap: reason=bimorphic action=maybe_recompile pc=0x00000000027da470 method=com.android.dx.cf.code.BytecodeArray.parseInstruction(ILcom/android/dx/cf/code/BytecodeArray$Visitor;)I @ 1224
Event: 5.164 Thread 0x00000000023de000 Uncommon trap: reason=null_check action=make_not_entrant pc=0x00000000027cf620 method=com.android.dx.rop.type.Type.putIntern(Lcom/android/dx/rop/type/Type;)Lcom/android/dx/rop/type/Type; @ 18
Event: 5.422 Thread 0x00000000023de000 Uncommon trap: reason=unloaded action=reinterpret pc=0x0000000002812ab8 method=com.android.dx.cf.cst.ConstantPoolParser.parse0(ILjava/util/BitSet;)Lcom/android/dx/rop/cst/Constant; @ 220
Event: 5.466 Thread 0x00000000023de000 Uncommon trap: reason=bimorphic action=maybe_recompile pc=0x00000000027d96f4 method=com.android.dx.cf.code.BytecodeArray.parseInstruction(ILcom/android/dx/cf/code/BytecodeArray$Visitor;)I @ 2135
Event: 5.466 Thread 0x00000000023de000 Uncommon trap: reason=bimorphic action=maybe_recompile pc=0x00000000027d96f4 method=com.android.dx.cf.code.BytecodeArray.parseInstruction(ILcom/android/dx/cf/code/BytecodeArray$Visitor;)I @ 2135
Event: 5.526 Thread 0x00000000023de000 Uncommon trap: reason=bimorphic action=maybe_recompile pc=0x00000000027efbcc method=com.android.dx.ssa.LiteralOpUpgrader.tryReplacingWithConstant(Lcom/android/dx/ssa/NormalSsaInsn;)Z @ 62
Event: 5.765 Thread 0x00000000023de000 Uncommon trap: reason=bimorphic action=maybe_recompile pc=0x00000000027efbcc method=com.android.dx.ssa.LiteralOpUpgrader.tryReplacingWithConstant(Lcom/android/dx/ssa/NormalSsaInsn;)Z @ 62

Internal exceptions (10 events):
Event: 2.945 Thread 0x00000000023de000 Threw 0x00000000eb27e4f8 at C:\re\jdk7u79\2331\hotspot\src\share\vm\prims\jvm.cpp:1304
Event: 2.946 Thread 0x00000000023de000 Threw 0x00000000eb2815d0 at C:\re\jdk7u79\2331\hotspot\src\share\vm\prims\jvm.cpp:1304
Event: 2.946 Thread 0x00000000023de000 Threw 0x00000000eb283778 at C:\re\jdk7u79\2331\hotspot\src\share\vm\prims\jvm.cpp:1304
Event: 3.296 Thread 0x00000000023de000 Threw 0x00000000eb31b728 at C:\re\jdk7u79\2331\hotspot\src\share\vm\prims\jvm.cpp:1304
Event: 3.507 Thread 0x00000000023de000 Threw 0x00000000eb5535e0 at C:\re\jdk7u79\2331\hotspot\src\share\vm\prims\jvm.cpp:1304
Event: 3.578 Thread 0x00000000023de000 Threw 0x00000000eb67baf0 at C:\re\jdk7u79\2331\hotspot\src\share\vm\prims\jvm.cpp:1304
Event: 3.696 Thread 0x00000000023de000 Threw 0x00000000eb7e4fb0 at C:\re\jdk7u79\2331\hotspot\src\share\vm\prims\jvm.cpp:1304
Event: 3.713 Thread 0x00000000023de000 Threw 0x00000000eb81eac0 at C:\re\jdk7u79\2331\hotspot\src\share\vm\prims\jvm.cpp:1304
Event: 4.388 Thread 0x00000000023de000 Implicit null exception at 0x0000000002751012 to 0x0000000002751105
Event: 5.164 Thread 0x00000000023de000 Implicit null exception at 0x00000000027cef2f to 0x00000000027cf611

Events (10 events):
Event: 5.845 Executing VM operation: RevokeBias
Event: 5.961 Executing VM operation: RevokeBias done
Event: 5.976 Executing VM operation: RevokeBias
Event: 5.976 Executing VM operation: RevokeBias done
Event: 6.013 Executing VM operation: RevokeBias
Event: 6.013 Executing VM operation: RevokeBias done
Event: 6.040 Executing VM operation: RevokeBias
Event: 6.040 Executing VM operation: RevokeBias done
Event: 6.072 Executing VM operation: RevokeBias
Event: 6.072 Executing VM operation: RevokeBias done


Dynamic libraries:
0x000000013f5c0000 - 0x000000013f5f3000 	C:\Program Files\Java\jdk1.7.0_79\bin\java.exe
0x0000000076df0000 - 0x0000000076f98000 	C:\Windows\SYSTEM32\ntdll.dll
0x0000000076cd0000 - 0x0000000076def000 	C:\Windows\system32\kernel32.dll
0x000007fefced0000 - 0x000007fefcf3c000 	C:\Windows\system32\KERNELBASE.dll
0x000007fefcf70000 - 0x000007fefd04b000 	C:\Windows\system32\ADVAPI32.dll
0x000007fefe6f0000 - 0x000007fefe78f000 	C:\Windows\system32\msvcrt.dll
0x000007fefebb0000 - 0x000007fefebcf000 	C:\Windows\SYSTEM32\sechost.dll
0x000007fefe810000 - 0x000007fefe93d000 	C:\Windows\system32\RPCRT4.dll
0x0000000076bd0000 - 0x0000000076cca000 	C:\Windows\system32\USER32.dll
0x000007fefee20000 - 0x000007fefee87000 	C:\Windows\system32\GDI32.dll
0x000007feff0f0000 - 0x000007feff0fe000 	C:\Windows\system32\LPK.dll
0x000007feff020000 - 0x000007feff0e9000 	C:\Windows\system32\USP10.dll
0x000007fefb1e0000 - 0x000007fefb3d4000 	C:\Windows\WinSxS\amd64_microsoft.windows.common-controls_6595b64144ccf1df_6.0.7601.17514_none_fa396087175ac9ac\COMCTL32.dll
0x000007fefe790000 - 0x000007fefe801000 	C:\Windows\system32\SHLWAPI.dll
0x000007fefd270000 - 0x000007fefd29e000 	C:\Windows\system32\IMM32.DLL
0x000007fefe9a0000 - 0x000007fefeaa9000 	C:\Windows\system32\MSCTF.dll
0x0000000063680000 - 0x0000000063752000 	C:\Program Files\Java\jdk1.7.0_79\jre\bin\msvcr100.dll
0x000000005d070000 - 0x000000005d845000 	C:\Program Files\Java\jdk1.7.0_79\jre\bin\server\jvm.dll
0x000007fef7f60000 - 0x000007fef7f69000 	C:\Windows\system32\WSOCK32.dll
0x000007fefeac0000 - 0x000007fefeb0d000 	C:\Windows\system32\WS2_32.dll
0x000007fefeab0000 - 0x000007fefeab8000 	C:\Windows\system32\NSI.dll
0x000007fefaa80000 - 0x000007fefaabb000 	C:\Windows\system32\WINMM.dll
0x0000000076fc0000 - 0x0000000076fc7000 	C:\Windows\system32\PSAPI.DLL
0x000000006dd20000 - 0x000000006dd2f000 	C:\Program Files\Java\jdk1.7.0_79\jre\bin\verify.dll
0x0000000063aa0000 - 0x0000000063ac8000 	C:\Program Files\Java\jdk1.7.0_79\jre\bin\java.dll
0x0000000063a80000 - 0x0000000063a95000 	C:\Program Files\Java\jdk1.7.0_79\jre\bin\zip.dll
0x0000000063a60000 - 0x0000000063a7a000 	C:\Program Files\Java\jdk1.7.0_79\jre\bin\net.dll
0x000007fefc390000 - 0x000007fefc3e5000 	C:\Windows\system32\mswsock.dll
0x000007fefc380000 - 0x000007fefc387000 	C:\Windows\System32\wship6.dll
0x0000000063a40000 - 0x0000000063a51000 	C:\Program Files\Java\jdk1.7.0_79\jre\bin\nio.dll

VM Arguments:
jvm_args: -Xmx1024M -Dfile.encoding=windows-1251 -Duser.country=RU -Duser.language=ru -Duser.variant 
java_command: com.android.dx.command.Main --dex --output C:\Users\Sashka\git\UpMobile\MusicDownloader\build\intermediates\pre-dexed\debug\StartAppInApp-2.4.14-bb910c7e835dd803757fdc7a7425fcb1e45ea08b.jar C:\Users\Sashka\git\UpMobile\MusicDownloader\libs\StartAppInApp-2.4.14.jar
Launcher Type: SUN_STANDARD

Environment Variables:
PATH=C:\ProgramData\Oracle\Java\javapath;C:\Windows\system32;C:\Windows;C:\Windows\System32\Wbem;C:\Windows\System32\WindowsPowerShell\v1.0\;C:\Program Files (x86)\Intel\OpenCL SDK\3.0\bin\x86;C:\Program Files (x86)\Intel\OpenCL SDK\3.0\bin\x64;C:\Program Files\Intel\WiFi\bin\;C:\Program Files\Common Files\Intel\WirelessCommon\;C:\Program Files (x86)\NVIDIA Corporation\PhysX\Common;C:\Program Files (x86)\Skype\Phone\;C:\Program Files\Intel\WiFi\bin\;C:\Program Files\Common Files\Intel\WirelessCommon\
USERNAME=Sashka
OS=Windows_NT
PROCESSOR_IDENTIFIER=Intel64 Family 6 Model 60 Stepping 3, GenuineIntel



---------------  S Y S T E M  ---------------

OS: Windows 7 , 64 bit Build 7601 Service Pack 1

CPU:total 4 (2 cores per cpu, 2 threads per core) family 6 model 60 stepping 3, cmov, cx8, fxsr, mmx, sse, sse2, sse3, ssse3, sse4.1, sse4.2, popcnt, avx, avx2, aes, erms, ht, tsc, tscinvbit

Memory: 4k page, physical 8155504k(549388k free), swap 9202228k(5120k free)

vm_info: Java HotSpot(TM) 64-Bit Server VM (24.79-b02) for windows-amd64 JRE (1.7.0_79-b15), built on Apr 10 2015 12:36:16 by "java_re" with unknown MS VC++:1600

time: Mon Jul 13 11:33:51 2015
elapsed time: 6 seconds

